
Collecting usage statistics. To deactivate, set browser.gatherUsageStats to false.


  You can now view your Streamlit app in your browser.

  Local URL: http://localhost:8002
  Network URL: http://172.28.0.12:8002
  External URL: http://34.127.19.51:8002

2026-01-31 07:37:28.705 Session with id 9be49af8-f5d7-465d-b220-c676cb451c32 is already connected! Connecting to a new session.
[31mâ”€â”€[0m[31mâ”€â”€â”€â”€â”€â”€â”€â”€â”€â”€â”€â”€â”€â”€â”€â”€â”€â”€â”€â”€â”€â”€â”€â”€[0m[31m [0m[1;31mTraceback [0m[1;2;31m(most recent call last)[0m[31m [0m[31mâ”€â”€â”€â”€â”€â”€â”€â”€â”€â”€â”€â”€â”€â”€â”€â”€â”€â”€â”€â”€â”€â”€â”€â”€â”€[0m[31mâ”€â”€[0m
[31m [0m [2;33m/usr/local/lib/python3.12/dist-packages/streamlit/runtime/scriptrunner/[0m[1;33mexec_code.py[0m: [31m [0m
[31m [0m [94m129[0m in [92mexec_func_with_error_handling[0m                                                 [31m [0m
[31m [0m                                                                                      [31m [0m
[31m [0m [2;33m/usr/local/lib/python3.12/dist-packages/streamlit/runtime/scriptrunner/[0m[1;33mscript_runner[0m [31m [0m
[31m [0m [1;33m.py[0m:[94m672[0m in [92mcode_to_exec[0m                                                              [31m [0m
[31m [0m                                                                                      [31m [0m
[31m [0m [2;33m/content/[0m[1;33mapp.py[0m:[94m43[0m in [92m<module>[0m                                                       [31m [0m
[31m [0m                                                                                      [31m [0m
[31m [0m   [2m 40 [0m[2mâ”‚   â”‚   [0m[94mreturn[0m [94mFalse[0m                                                           [31m [0m
[31m [0m   [2m 41 [0m[2mâ”‚   [0m                                                                           [31m [0m
[31m [0m   [2m 42 [0m[2mâ”‚   [0m[94mtry[0m:                                                                       [31m [0m
[31m [0m [31mâ± [0m 43 [2mâ”‚   [0m[1;2;4mâ”‚   [0m[1;4mre[0mpo.remotes.origin.fetch()                                            [31m [0m
[31m [0m   [2m 44 [0m[2mâ”‚   [0m[94mexcept[0m [96mException[0m:                                                          [31m [0m
[31m [0m   [2m 45 [0m[2mâ”‚   â”‚   [0m[94mreturn[0m [94mFalse[0m                                                           [31m [0m
[31m [0m   [2m 46 [0m                                                                               [31m [0m
[31m [0m                                                                                      [31m [0m
[31m [0m [2;33m/content/[0m[1;33mapp.py[0m:[94m39[0m in [92mmain[0m                                                           [31m [0m
[31m [0m                                                                                      [31m [0m
[31m [0m   [2m 36 [0m[2mâ”‚   [0m[94mexcept[0m InvalidGitRepositoryError:                                          [31m [0m
[31m [0m   [2m 37 [0m[2mâ”‚   â”‚   [0m[94mreturn[0m [94mFalse[0m                                                           [31m [0m
[31m [0m   [2m 38 [0m[2mâ”‚   [0m                                                                           [31m [0m
[31m [0m [31mâ± [0m 39 [2mâ”‚   [0m[94mif[0m [95mnot[0m repo.re[1;4mmotes:[0m                                                       [31m [0m
[31m [0m   [2m 40 [0m[2mâ”‚   â”‚   [0m[94mreturn[0m [94mFalse[0m                                                           [31m [0m
[31m [0m   [2m 41 [0m[2mâ”‚   [0m                                                                           [31m [0m
[31m [0m   [2m 42 [0m[2mâ”‚   [0m[94mtry[0m:                                                                       [31m [0m
[31mâ”€â”€â”€â”€â”€â”€â”€â”€â”€â”€â”€â”€â”€â”€â”€â”€â”€â”€â”€â”€â”€â”€â”€â”€â”€â”€â”€â”€â”€â”€â”€â”€â”€â”€â”€â”€â”€â”€â”€â”€â”€â”€â”€â”€â”€â”€â”€â”€â”€â”€â”€â”€â”€â”€â”€â”€â”€â”€â”€â”€â”€â”€â”€â”€â”€â”€â”€â”€â”€â”€â”€â”€â”€â”€â”€â”€â”€â”€â”€â”€â”€â”€â”€â”€â”€â”€â”€â”€[0m
[1;91mAttributeError: [0m[32m'ChatSession'[0m object has no attribute [32m'has_pushed'[0m
[31mâ”€â”€[0m[31mâ”€â”€â”€â”€â”€â”€â”€â”€â”€â”€â”€â”€â”€â”€â”€â”€â”€â”€â”€â”€â”€â”€â”€â”€[0m[31m [0m[1;31mTraceback [0m[1;2;31m(most recent call last)[0m[31m [0m[31mâ”€â”€â”€â”€â”€â”€â”€â”€â”€â”€â”€â”€â”€â”€â”€â”€â”€â”€â”€â”€â”€â”€â”€â”€â”€[0m[31mâ”€â”€[0m
[31m [0m [2;33m/usr/local/lib/python3.12/dist-packages/streamlit/runtime/scriptrunner/[0m[1;33mexec_code.py[0m: [31m [0m
[31m [0m [94m129[0m in [92mexec_func_with_error_handling[0m                                                 [31m [0m
[31m [0m                                                                                      [31m [0m
[31m [0m [2;33m/usr/local/lib/python3.12/dist-packages/streamlit/runtime/scriptrunner/[0m[1;33mscript_runner[0m [31m [0m
[31m [0m [1;33m.py[0m:[94m672[0m in [92mcode_to_exec[0m                                                              [31m [0m
[31m [0m                                                                                      [31m [0m
[31m [0m [2;33m/content/[0m[1;33mapp.py[0m:[94m21[0m in [92m<module>[0m                                                       [31m [0m
[31m [0m                                                                                      [31m [0m
[31m [0m   [2m18 [0m[2mâ”‚   â”‚   â”‚   [0mclient=get_client(),                                                [31m [0m
[31m [0m   [2m19 [0m[2mâ”‚   â”‚   â”‚   [0msystem_prompt=[33m"[0m[33mBe concise and accurate at all times. You are empowe[0m [31m [0m
[31m [0m   [2m20 [0m[2mâ”‚   â”‚   â”‚   [0mrepo_docs=st.session_state.get([33m"[0m[33mrepo_docs[0m[33m"[0m, [33m"[0m[33m"[0m),                    [31m [0m
[31m [0m [31mâ± [0m21 [1;2;4mâ”‚   â”‚   [0m[1;4m)[0m                                                                       [31m [0m
[31m [0m   [2m22 [0m[2mâ”‚   [0m                                                                            [31m [0m
[31m [0m   [2m23 [0m[2mâ”‚   [0msession: ChatSession = st.session_state.chat                                [31m [0m
[31m [0m   [2m24 [0m                                                                                [31m [0m
[31mâ”€â”€â”€â”€â”€â”€â”€â”€â”€â”€â”€â”€â”€â”€â”€â”€â”€â”€â”€â”€â”€â”€â”€â”€â”€â”€â”€â”€â”€â”€â”€â”€â”€â”€â”€â”€â”€â”€â”€â”€â”€â”€â”€â”€â”€â”€â”€â”€â”€â”€â”€â”€â”€â”€â”€â”€â”€â”€â”€â”€â”€â”€â”€â”€â”€â”€â”€â”€â”€â”€â”€â”€â”€â”€â”€â”€â”€â”€â”€â”€â”€â”€â”€â”€â”€â”€â”€â”€[0m
[91mâ”€â”€â”€â”€â”€â”€â”€â”€â”€â”€â”€â”€â”€â”€â”€â”€â”€â”€â”€â”€â”€â”€â”€â”€â”€â”€â”€â”€â”€â”€â”€â”€â”€â”€â”€â”€â”€â”€â”€â”€â”€â”€â”€â”€â”€â”€â”€â”€â”€â”€â”€â”€â”€â”€â”€â”€â”€â”€â”€â”€â”€â”€â”€â”€â”€â”€â”€â”€â”€â”€â”€â”€â”€â”€â”€â”€â”€â”€â”€â”€â”€â”€â”€â”€â”€â”€â”€â”€[0m
[91m [0m [2;33m /content/app/[0m[1;33mchat.py[0m[1m:[0m[1;94m204[0m                                                            [91m [0m
[91m [0m [33m""[0m"                                                                                  [91m [0m
[91m [0m [1;91mâ–²[0m                                                                                    [91m [0m
[91mâ”€â”€â”€â”€â”€â”€â”€â”€â”€â”€â”€â”€â”€â”€â”€â”€â”€â”€â”€â”€â”€â”€â”€â”€â”€â”€â”€â”€â”€â”€â”€â”€â”€â”€â”€â”€â”€â”€â”€â”€â”€â”€â”€â”€â”€â”€â”€â”€â”€â”€â”€â”€â”€â”€â”€â”€â”€â”€â”€â”€â”€â”€â”€â”€â”€â”€â”€â”€â”€â”€â”€â”€â”€â”€â”€â”€â”€â”€â”€â”€â”€â”€â”€â”€â”€â”€â”€â”€[0m
[1;91mSyntaxError: [0munterminated triple-quoted string literal [1m([0mdetected at line [1;36m204[0m[1m)[0m
